[09-Feb-2018 21:35:35 UTC] /var/www/html/public/db.php1518212135
[09-Feb-2018 21:38:13 UTC] /var/www/html/public/db.php1518212293
[09-Feb-2018 21:38:35 UTC] /var/www/html/public/db.php1518212315
[09-Feb-2018 21:38:38 UTC] /var/www/html/public/db.php1518212318
[09-Feb-2018 21:39:01 UTC] /var/www/html/public/db.php1518212341
[09-Feb-2018 21:40:08 UTC] /var/www/html/public/db.php1518212408
[12-Feb-2018 14:11:34 UTC] /var/www/html/public/db.php1518444694
[12-Feb-2018 14:15:10 UTC] /var/www/html/public/db.php1518444910
[12-Feb-2018 14:15:13 UTC] /var/www/html/public/db.php1518444913
[12-Feb-2018 14:15:13 UTC] /var/www/html/public/db.php1518444913
[12-Feb-2018 14:16:53 UTC] /var/www/html/public/db.php1518445013
[12-Feb-2018 14:16:53 UTC] /var/www/html/public/db.php1518445013
[12-Feb-2018 14:17:14 UTC] /var/www/html/public/db.php1518445034
[12-Feb-2018 14:18:34 UTC] /var/www/html/public/db.php1518445114
[12-Feb-2018 14:20:06 UTC] /var/www/html/public/db.php1518445206
[12-Feb-2018 14:27:22 UTC] /var/www/html/public/db.php1518445642
[12-Feb-2018 14:28:17 UTC] /var/www/html/public/db.php1518445697
[12-Feb-2018 14:35:12 UTC] /var/www/html/public/db.php1518446112
[12-Feb-2018 14:37:43 UTC] /var/www/html/public/db.php1518446263
[12-Feb-2018 14:44:36 UTC] /var/www/html/public/db.php1518446676
[12-Feb-2018 14:44:45 UTC] /var/www/html/public/db.php1518446685
[12-Feb-2018 14:45:26 UTC] /var/www/html/public/db.php1518446726
[12-Feb-2018 14:45:26 UTC] /var/www/html/public/db.php1518446726
[12-Feb-2018 14:46:53 UTC] /var/www/html/public/db.php1518446813
[12-Feb-2018 14:48:49 UTC] /var/www/html/public/db.php1518446929
[12-Feb-2018 14:51:54 UTC] /var/www/html/public/db.php1518447114
[12-Feb-2018 14:52:37 UTC] /var/www/html/public/db.php1518447157
[12-Feb-2018 14:54:19 UTC] /var/www/html/public/db.php1518447259
[12-Feb-2018 14:55:20 UTC] /var/www/html/public/db.php1518447320
[12-Feb-2018 14:55:59 UTC] /var/www/html/public/db.php1518447359
[12-Feb-2018 16:09:53 UTC] /var/www/html/public/db.php1518451793
[12-Feb-2018 16:10:51 UTC] /var/www/html/public/db.php1518451851
[12-Feb-2018 16:15:06 UTC] /var/www/html/public/db.php1518452106
[12-Feb-2018 16:16:20 UTC] /var/www/html/public/db.php1518452180
[12-Feb-2018 16:18:05 UTC] /var/www/html/public/db.php1518452285
[12-Feb-2018 16:19:51 UTC] /var/www/html/public/db.php1518452391
[12-Feb-2018 16:20:12 UTC] /var/www/html/public/db.php1518452412
[12-Feb-2018 16:23:13 UTC] /var/www/html/public/db.php1518452593
[12-Feb-2018 16:26:03 UTC] /var/www/html/public/db.php1518452763
[12-Feb-2018 16:26:11 UTC] /var/www/html/public/db.php1518452771
[12-Feb-2018 16:26:11 UTC] /var/www/html/public/db.php1518452771
[12-Feb-2018 16:26:13 UTC] /var/www/html/public/db.php1518452773
[12-Feb-2018 16:26:13 UTC] /var/www/html/public/db.php1518452773
[12-Feb-2018 16:50:16 UTC] /var/www/html/public/db.php1518454216
[12-Feb-2018 16:50:17 UTC] /var/www/html/public/db.php1518454217
[12-Feb-2018 16:50:42 UTC] /var/www/html/public/db.php1518454242
[12-Feb-2018 16:50:42 UTC] /var/www/html/public/db.php1518454242
[12-Feb-2018 16:50:58 UTC] /var/www/html/public/db.php1518454258
[12-Feb-2018 16:50:59 UTC] /var/www/html/public/db.php1518454259
[12-Feb-2018 16:56:01 UTC] /var/www/html/public/db.php1518454561
[12-Feb-2018 16:56:02 UTC] /var/www/html/public/db.php1518454562
[12-Feb-2018 16:56:12 UTC] /var/www/html/public/db.php1518454572
[12-Feb-2018 16:58:12 UTC] /var/www/html/public/db.php1518454692
[12-Feb-2018 16:58:12 UTC] /var/www/html/public/db.php1518454692
[12-Feb-2018 16:58:14 UTC] /var/www/html/public/db.php1518454694
[12-Feb-2018 16:58:14 UTC] /var/www/html/public/db.php1518454694
[12-Feb-2018 16:58:20 UTC] /var/www/html/public/db.php1518454700
[12-Feb-2018 16:58:20 UTC] /var/www/html/public/db.php1518454700
[12-Feb-2018 18:03:02 UTC] /var/www/html/public/db.php1518458582
[12-Feb-2018 18:03:04 UTC] /var/www/html/public/db.php1518458584
[12-Feb-2018 18:07:04 UTC] /var/www/html/public/db.php1518458824
[12-Feb-2018 18:07:27 UTC] /var/www/html/public/db.php1518458847
[12-Feb-2018 18:08:42 UTC] /var/www/html/public/db.php1518458922
[12-Feb-2018 18:09:54 UTC] /var/www/html/public/db.php1518458994
[12-Feb-2018 18:10:17 UTC] /var/www/html/public/db.php1518459017
[12-Feb-2018 18:11:22 UTC] /var/www/html/public/db.php1518459082
[12-Feb-2018 18:13:40 UTC] /var/www/html/public/db.php1518459220
[12-Feb-2018 18:13:54 UTC] /var/www/html/public/db.php1518459234
[12-Feb-2018 18:22:59 UTC] /var/www/html/public/db.php1518459779
[12-Feb-2018 18:25:41 UTC] /var/www/html/public/db.php1518459940
[12-Feb-2018 18:25:41 UTC] /var/www/html/public/db.php1518459941
[12-Feb-2018 18:26:51 UTC] /var/www/html/public/db.php1518460011
[12-Feb-2018 18:26:52 UTC] /var/www/html/public/db.php1518460012
[12-Feb-2018 18:26:54 UTC] /var/www/html/public/db.php1518460014
[12-Feb-2018 18:26:54 UTC] /var/www/html/public/db.php1518460014
[12-Feb-2018 18:27:23 UTC] /var/www/html/public/db.php1518460043
[12-Feb-2018 18:27:24 UTC] /var/www/html/public/db.php1518460044
[12-Feb-2018 18:27:25 UTC] /var/www/html/public/db.php1518460045
[12-Feb-2018 18:27:25 UTC] /var/www/html/public/db.php1518460045
[12-Feb-2018 18:29:17 UTC] /var/www/html/public/db.php1518460157
[12-Feb-2018 18:29:17 UTC] /var/www/html/public/db.php1518460157
[12-Feb-2018 18:29:22 UTC] /var/www/html/public/db.php1518460162
[12-Feb-2018 18:30:49 UTC] /var/www/html/public/db.php1518460249
[12-Feb-2018 18:31:13 UTC] /var/www/html/public/db.php1518460273
[12-Feb-2018 18:31:31 UTC] /var/www/html/public/db.php1518460291
[12-Feb-2018 18:31:31 UTC] /var/www/html/public/db.php1518460291
[12-Feb-2018 18:31:45 UTC] /var/www/html/public/db.php1518460305
[12-Feb-2018 18:31:45 UTC] /var/www/html/public/db.php1518460305
[12-Feb-2018 18:32:01 UTC] /var/www/html/public/db.php1518460321
[12-Feb-2018 18:32:02 UTC] /var/www/html/public/db.php1518460322
[12-Feb-2018 18:33:34 UTC] /var/www/html/public/db.php1518460414
[12-Feb-2018 18:33:35 UTC] /var/www/html/public/db.php1518460415
[12-Feb-2018 18:35:39 UTC] /var/www/html/public/db.php1518460539
[12-Feb-2018 18:35:39 UTC] /var/www/html/public/db.php1518460539
[12-Feb-2018 18:36:06 UTC] /var/www/html/public/db.php1518460566
[12-Feb-2018 18:38:41 UTC] /var/www/html/public/db.php1518460721
[12-Feb-2018 18:38:42 UTC] /var/www/html/public/db.php1518460722
[12-Feb-2018 18:38:43 UTC] /var/www/html/public/db.php1518460723
[12-Feb-2018 18:39:39 UTC] /var/www/html/public/db.php1518460779
[12-Feb-2018 18:39:39 UTC] /var/www/html/public/db.php1518460779
[12-Feb-2018 18:39:59 UTC] /var/www/html/public/db.php1518460799
[12-Feb-2018 18:40:00 UTC] /var/www/html/public/db.php1518460800
[12-Feb-2018 18:40:21 UTC] /var/www/html/public/db.php1518460821
[12-Feb-2018 18:40:22 UTC] /var/www/html/public/db.php1518460822
[12-Feb-2018 18:45:07 UTC] /var/www/html/public/db.php1518461107
[12-Feb-2018 18:46:35 UTC] /var/www/html/public/db.php1518461195
[12-Feb-2018 18:47:02 UTC] /var/www/html/public/db.php1518461222
[12-Feb-2018 12:47:03 America/Chicago] PHP Error:  Call to a member function prepare() on null in /var/www/html/app/SaveSession.php on line 47
[12-Feb-2018 12:47:03 America/Chicago] PHP Stack trace:
[12-Feb-2018 12:47:03 America/Chicago] PHP   1. {main}() /var/www/html/public/index.php:0
[12-Feb-2018 12:47:03 America/Chicago] PHP   2. require_once() /var/www/html/public/index.php:5
[12-Feb-2018 12:47:03 America/Chicago] PHP   3. session_regenerate_id() /var/www/html/public/db.php:83
[12-Feb-2018 12:47:03 America/Chicago] PHP   4. App\Main\SaveSession->open() /var/www/html/public/db.php:83
[12-Feb-2018 12:47:03 America/Chicago] Failed to open session: user (path: )
[12-Feb-2018 18:47:07 UTC] /var/www/html/public/db.php1518461227
[12-Feb-2018 12:47:08 America/Chicago] PHP Error:  Call to a member function prepare() on null in /var/www/html/app/SaveSession.php on line 47
[12-Feb-2018 12:47:08 America/Chicago] PHP Stack trace:
[12-Feb-2018 12:47:08 America/Chicago] PHP   1. {main}() /var/www/html/public/index.php:0
[12-Feb-2018 12:47:08 America/Chicago] PHP   2. require_once() /var/www/html/public/index.php:5
[12-Feb-2018 12:47:08 America/Chicago] PHP   3. session_regenerate_id() /var/www/html/public/db.php:83
[12-Feb-2018 12:47:08 America/Chicago] PHP   4. App\Main\SaveSession->open() /var/www/html/public/db.php:83
[12-Feb-2018 12:47:08 America/Chicago] Failed to open session: user (path: )
[12-Feb-2018 18:47:17 UTC] /var/www/html/public/db.php1518461237
[12-Feb-2018 18:47:56 UTC] /var/www/html/public/db.php1518461276
[12-Feb-2018 18:47:56 UTC] /var/www/html/public/db.php1518461276
[12-Feb-2018 18:49:03 UTC] /var/www/html/public/db.php1518461343
[12-Feb-2018 18:49:03 UTC] /var/www/html/public/db.php1518461343
[12-Feb-2018 18:49:12 UTC] /var/www/html/public/db.php1518461352
[12-Feb-2018 18:49:12 UTC] /var/www/html/public/db.php1518461352
[12-Feb-2018 18:51:42 UTC] /var/www/html/public/db.php1518461502
[12-Feb-2018 18:51:43 UTC] /var/www/html/public/db.php1518461503
[12-Feb-2018 18:51:43 UTC] /var/www/html/public/db.php1518461503
[12-Feb-2018 18:51:44 UTC] /var/www/html/public/db.php1518461504
[12-Feb-2018 18:51:46 UTC] /var/www/html/public/db.php1518461506
[12-Feb-2018 18:51:46 UTC] /var/www/html/public/db.php1518461506
[12-Feb-2018 18:51:46 UTC] /var/www/html/public/db.php1518461506
[12-Feb-2018 18:51:47 UTC] /var/www/html/public/db.php1518461507
[12-Feb-2018 18:52:03 UTC] /var/www/html/public/db.php1518461523
[12-Feb-2018 18:52:04 UTC] /var/www/html/public/db.php1518461524
[12-Feb-2018 18:52:31 UTC] /var/www/html/public/db.php1518461551
[12-Feb-2018 18:52:31 UTC] /var/www/html/public/db.php1518461551
[12-Feb-2018 18:52:31 UTC] /var/www/html/public/db.php1518461551
[12-Feb-2018 12:52:31 America/Chicago] E_USER_ERROR 256 SQLSTATE[HY000]: General error   |  In:  /var/www/html/app/SaveSession.php  |  On:  130

[12-Feb-2018 12:52:31 America/Chicago] Unknown error type 2 session_start(): Failed to read session data: user (path: )   |  In:  /var/www/html/public/db.php  |  On:  82

[12-Feb-2018 18:52:35 UTC] /var/www/html/public/db.php1518461555
[12-Feb-2018 18:52:35 UTC] /var/www/html/public/db.php1518461555
[12-Feb-2018 18:52:36 UTC] /var/www/html/public/db.php1518461556
[12-Feb-2018 18:52:36 UTC] /var/www/html/public/db.php1518461556
[12-Feb-2018 12:52:36 America/Chicago] E_USER_ERROR 256 SQLSTATE[HY000]: General error   |  In:  /var/www/html/app/SaveSession.php  |  On:  130

[12-Feb-2018 12:52:36 America/Chicago] Unknown error type 2 session_start(): Failed to read session data: user (path: )   |  In:  /var/www/html/public/db.php  |  On:  82

[12-Feb-2018 18:53:50 UTC] /var/www/html/public/db.php1518461630
[12-Feb-2018 12:53:50 America/Chicago] E_USER_ERROR 256 SQLSTATE[HY000]: General error   |  In:  /var/www/html/app/SaveSession.php  |  On:  130

[12-Feb-2018 12:53:50 America/Chicago] Unknown error type 2 session_start(): Failed to read session data: user (path: )   |  In:  /var/www/html/public/db.php  |  On:  82

[12-Feb-2018 18:53:52 UTC] /var/www/html/public/db.php1518461632
[12-Feb-2018 18:53:52 UTC] /var/www/html/public/db.php1518461632
[12-Feb-2018 18:53:52 UTC] /var/www/html/public/db.php1518461632
[12-Feb-2018 18:53:52 UTC] /var/www/html/public/db.php1518461632
[12-Feb-2018 12:53:52 America/Chicago] E_USER_ERROR 256 SQLSTATE[HY000]: General error   |  In:  /var/www/html/app/SaveSession.php  |  On:  130

[12-Feb-2018 12:53:52 America/Chicago] Unknown error type 2 session_start(): Failed to read session data: user (path: )   |  In:  /var/www/html/public/db.php  |  On:  82

[12-Feb-2018 18:54:16 UTC] /var/www/html/public/db.php1518461656
[12-Feb-2018 18:54:17 UTC] /var/www/html/public/db.php1518461657
[12-Feb-2018 18:54:17 UTC] /var/www/html/public/db.php1518461657
[12-Feb-2018 18:54:17 UTC] /var/www/html/public/db.php1518461657
[12-Feb-2018 12:54:17 America/Chicago] E_USER_ERROR 256 SQLSTATE[HY000]: General error   |  In:  /var/www/html/app/SaveSession.php  |  On:  130

[12-Feb-2018 12:54:17 America/Chicago] Unknown error type 2 session_start(): Failed to read session data: user (path: )   |  In:  /var/www/html/public/db.php  |  On:  82

[12-Feb-2018 18:54:38 UTC] /var/www/html/public/db.php1518461678
[12-Feb-2018 18:54:39 UTC] /var/www/html/public/db.php1518461679
[12-Feb-2018 19:02:15 UTC] /var/www/html/public/db.php1518462135
[12-Feb-2018 19:09:58 UTC] /var/www/html/public/db.php1518462598
[12-Feb-2018 19:09:59 UTC] /var/www/html/public/db.php1518462599
[12-Feb-2018 13:09:59 America/Chicago] E_USER_ERROR 256 SQLSTATE[HY000]: General error   |  In:  /var/www/html/app/SaveSession.php  |  On:  131

[12-Feb-2018 13:09:59 America/Chicago] Unknown error type 2 session_start(): Failed to read session data: user (path: )   |  In:  /var/www/html/public/db.php  |  On:  82

[12-Feb-2018 19:10:01 UTC] /var/www/html/public/db.php1518462601
[12-Feb-2018 19:10:01 UTC] /var/www/html/public/db.php1518462601
[12-Feb-2018 19:10:01 UTC] /var/www/html/public/db.php1518462601
[12-Feb-2018 19:10:01 UTC] /var/www/html/public/db.php1518462601
[12-Feb-2018 13:10:01 America/Chicago] E_USER_ERROR 256 SQLSTATE[HY000]: General error   |  In:  /var/www/html/app/SaveSession.php  |  On:  131

[12-Feb-2018 13:10:01 America/Chicago] Unknown error type 2 session_start(): Failed to read session data: user (path: )   |  In:  /var/www/html/public/db.php  |  On:  82

[12-Feb-2018 19:10:34 UTC] /var/www/html/public/db.php1518462634
[12-Feb-2018 19:10:35 UTC] /var/www/html/public/db.php1518462635
[12-Feb-2018 19:15:29 UTC] /var/www/html/public/db.php1518462929
[12-Feb-2018 19:15:29 UTC] /var/www/html/public/db.php1518462929
[12-Feb-2018 19:15:31 UTC] /var/www/html/public/db.php1518462931
[12-Feb-2018 19:15:31 UTC] /var/www/html/public/db.php1518462931
[12-Feb-2018 19:15:41 UTC] /var/www/html/public/db.php1518462941
[12-Feb-2018 19:15:41 UTC] /var/www/html/public/db.php1518462941
[12-Feb-2018 19:15:49 UTC] /var/www/html/public/db.php1518462949
[12-Feb-2018 19:15:49 UTC] /var/www/html/public/db.php1518462949
[12-Feb-2018 19:21:49 UTC] /var/www/html/public/db.php1518463309
[12-Feb-2018 19:22:45 UTC] /var/www/html/public/db.php1518463365
[12-Feb-2018 19:23:11 UTC] /var/www/html/public/db.php1518463391
[12-Feb-2018 19:23:11 UTC] /var/www/html/public/db.php1518463391
[12-Feb-2018 19:23:13 UTC] /var/www/html/public/db.php1518463393
[12-Feb-2018 19:23:13 UTC] /var/www/html/public/db.php1518463393
[12-Feb-2018 19:23:13 UTC] /var/www/html/public/db.php1518463393
[12-Feb-2018 19:23:13 UTC] /var/www/html/public/db.php1518463393
[12-Feb-2018 19:23:16 UTC] /var/www/html/public/db.php1518463396
[12-Feb-2018 19:23:17 UTC] /var/www/html/public/db.php1518463397
[12-Feb-2018 19:23:17 UTC] /var/www/html/public/db.php1518463397
[12-Feb-2018 19:23:17 UTC] /var/www/html/public/db.php1518463397
[12-Feb-2018 19:23:51 UTC] /var/www/html/public/db.php1518463431
[12-Feb-2018 19:23:52 UTC] /var/www/html/public/db.php1518463432
[12-Feb-2018 19:23:52 UTC] /var/www/html/public/db.php1518463432
[12-Feb-2018 19:23:53 UTC] /var/www/html/public/db.php1518463433
[12-Feb-2018 19:24:56 UTC] /var/www/html/public/db.php1518463496
[12-Feb-2018 19:24:56 UTC] /var/www/html/public/db.php1518463496
[12-Feb-2018 19:25:28 UTC] /var/www/html/public/db.php1518463528
[12-Feb-2018 19:27:51 UTC] /var/www/html/public/db.php1518463671
[12-Feb-2018 19:57:21 UTC] /var/www/html/public/db.php1518465441
[12-Feb-2018 19:57:21 UTC] /var/www/html/public/db.php1518465441
[12-Feb-2018 19:57:22 UTC] /var/www/html/public/db.php1518465442
[12-Feb-2018 19:57:42 UTC] /var/www/html/public/db.php1518465462
[12-Feb-2018 19:57:42 UTC] /var/www/html/public/db.php1518465462
[12-Feb-2018 19:57:42 UTC] /var/www/html/public/db.php1518465462
[12-Feb-2018 19:57:45 UTC] /var/www/html/public/db.php1518465465
[12-Feb-2018 19:57:50 UTC] /var/www/html/public/db.php1518465470
[12-Feb-2018 19:57:51 UTC] /var/www/html/public/db.php1518465471
[12-Feb-2018 19:59:16 UTC] /var/www/html/public/db.php1518465556
[12-Feb-2018 19:59:27 UTC] /var/www/html/public/db.php1518465567
[12-Feb-2018 20:23:11 UTC] /var/www/html/public/db.php1518466991
[12-Feb-2018 20:23:12 UTC] /var/www/html/public/db.php1518466992
[12-Feb-2018 20:23:12 UTC] /var/www/html/public/db.php1518466992
[12-Feb-2018 20:23:34 UTC] /var/www/html/public/db.php1518467014
[12-Feb-2018 20:23:34 UTC] /var/www/html/public/db.php1518467014
[13-Feb-2018 14:15:48 UTC] /var/www/html/public/db.php1518531348
[13-Feb-2018 14:15:50 UTC] /var/www/html/public/db.php1518531350
[13-Feb-2018 14:15:51 UTC] /var/www/html/public/db.php1518531351
[13-Feb-2018 14:15:54 UTC] /var/www/html/public/db.php1518531354
[13-Feb-2018 14:15:54 UTC] /var/www/html/public/db.php1518531354
[13-Feb-2018 14:16:01 UTC] /var/www/html/public/db.php1518531361
[13-Feb-2018 14:16:22 UTC] /var/www/html/public/db.php1518531382
[13-Feb-2018 14:17:06 UTC] /var/www/html/public/db.php1518531426
[13-Feb-2018 14:17:11 UTC] /var/www/html/public/db.php1518531431
[13-Feb-2018 14:23:46 UTC] /var/www/html/public/db.php1518531826
[13-Feb-2018 08:23:47 America/Chicago] /var/www/html/public/head.php1518531827
[13-Feb-2018 08:23:47 America/Chicago] E_USER_ERROR 256 2018-02-13 13 error   |  In:  /var/www/html/public/head.php  |  On:  13

[13-Feb-2018 08:23:47 America/Chicago] Thrown RangeException
[13-Feb-2018 08:23:47 America/Chicago] message
[13-Feb-2018 14:47:48 UTC] /var/www/html/public/db.php1518533268
[13-Feb-2018 08:47:49 America/Chicago] /var/www/html/public/head.php1518533269
[13-Feb-2018 08:47:49 America/Chicago] E_USER_ERROR 256 2018-02-13 13 error   |  In:  /var/www/html/public/head.php  |  On:  13

[13-Feb-2018 08:47:49 America/Chicago] Thrown RangeException
[13-Feb-2018 08:47:49 America/Chicago] message
[13-Feb-2018 14:47:52 UTC] /var/www/html/public/db.php1518533272
[13-Feb-2018 14:47:53 UTC] /var/www/html/public/db.php1518533273
[13-Feb-2018 14:47:55 UTC] /var/www/html/public/db.php1518533275
[13-Feb-2018 14:47:55 UTC] /var/www/html/public/db.php1518533275
[13-Feb-2018 08:47:55 America/Chicago] /var/www/html/public/head.php1518533275
[13-Feb-2018 08:47:55 America/Chicago] E_USER_ERROR 256 2018-02-13 13 error   |  In:  /var/www/html/public/head.php  |  On:  13

[13-Feb-2018 08:47:55 America/Chicago] Thrown RangeException
[13-Feb-2018 08:47:55 America/Chicago] message
[13-Feb-2018 14:48:47 UTC] /var/www/html/public/db.php1518533327
[13-Feb-2018 14:48:48 UTC] /var/www/html/public/db.php1518533328
[13-Feb-2018 14:48:50 UTC] /var/www/html/public/db.php1518533330
[13-Feb-2018 14:48:50 UTC] /var/www/html/public/db.php1518533330
[13-Feb-2018 08:48:50 America/Chicago] /var/www/html/public/head.php1518533330
[13-Feb-2018 08:48:50 America/Chicago] E_USER_ERROR 256 2018-02-13 13 error   |  In:  /var/www/html/public/head.php  |  On:  13

[13-Feb-2018 08:48:50 America/Chicago] Thrown RangeException
[13-Feb-2018 08:48:50 America/Chicago] message
[13-Feb-2018 14:48:55 UTC] /var/www/html/public/db.php1518533335
[13-Feb-2018 08:48:56 America/Chicago] /var/www/html/public/head.php1518533336
[13-Feb-2018 08:48:56 America/Chicago] E_USER_ERROR 256 2018-02-13 13 error   |  In:  /var/www/html/public/head.php  |  On:  13

[13-Feb-2018 08:48:56 America/Chicago] Thrown RangeException
[13-Feb-2018 08:48:56 America/Chicago] message
[13-Feb-2018 14:49:15 UTC] /var/www/html/public/db.php1518533355
[13-Feb-2018 08:49:15 America/Chicago] /var/www/html/public/head.php1518533355
[13-Feb-2018 08:49:15 America/Chicago] E_USER_ERROR 256 2018-02-13 13 error   |  In:  /var/www/html/public/head.php  |  On:  13

[13-Feb-2018 08:49:15 America/Chicago] Thrown RangeException
[13-Feb-2018 08:49:15 America/Chicago] message
[13-Feb-2018 14:49:16 UTC] /var/www/html/public/db.php1518533356
[13-Feb-2018 08:49:16 America/Chicago] Unknown error type 2 session_destroy(): Trying to destroy uninitialized session   |  In:  /var/www/html/public/logout.php  |  On:  10

[13-Feb-2018 14:49:16 UTC] /var/www/html/public/db.php1518533356
[13-Feb-2018 14:49:25 UTC] /var/www/html/public/db.php1518533365
[13-Feb-2018 14:49:26 UTC] /var/www/html/public/db.php1518533366
[13-Feb-2018 08:49:26 America/Chicago] /var/www/html/public/head.php1518533366
[13-Feb-2018 08:49:26 America/Chicago] E_USER_ERROR 256 2018-02-13 13 error   |  In:  /var/www/html/public/head.php  |  On:  13

[13-Feb-2018 08:49:26 America/Chicago] Thrown RangeException
[13-Feb-2018 08:49:26 America/Chicago] message
[13-Feb-2018 15:01:44 UTC] /var/www/html/public/db.php1518534104
[13-Feb-2018 09:01:45 America/Chicago] /var/www/html/public/head.php1518534105
[13-Feb-2018 09:01:45 America/Chicago] E_USER_ERROR 256 2018-02-13 13 error   |  In:  /var/www/html/public/head.php  |  On:  13

[13-Feb-2018 09:01:45 America/Chicago] Thrown RangeException
[13-Feb-2018 09:01:45 America/Chicago] message
[13-Feb-2018 15:01:47 UTC] /var/www/html/public/db.php1518534107
[13-Feb-2018 09:01:47 America/Chicago] /var/www/html/public/head.php1518534107
[13-Feb-2018 09:01:47 America/Chicago] E_USER_ERROR 256 2018-02-13 13 error   |  In:  /var/www/html/public/head.php  |  On:  13

[13-Feb-2018 09:01:47 America/Chicago] Thrown RangeException
[13-Feb-2018 09:01:47 America/Chicago] message
[13-Feb-2018 15:01:49 UTC] /var/www/html/public/db.php1518534109
[13-Feb-2018 15:01:50 UTC] /var/www/html/public/db.php1518534110
[13-Feb-2018 15:01:55 UTC] /var/www/html/public/db.php1518534115
[13-Feb-2018 15:01:56 UTC] /var/www/html/public/db.php1518534116
[13-Feb-2018 09:01:56 America/Chicago] /var/www/html/public/head.php1518534116
[13-Feb-2018 09:01:56 America/Chicago] E_USER_ERROR 256 2018-02-13 13 error   |  In:  /var/www/html/public/head.php  |  On:  13

[13-Feb-2018 09:01:56 America/Chicago] Thrown RangeException
[13-Feb-2018 09:01:56 America/Chicago] message
[13-Feb-2018 15:27:52 UTC] /var/www/html/public/db.php1518535672
[13-Feb-2018 09:27:53 America/Chicago] /var/www/html/public/head.php1518535673
[13-Feb-2018 09:27:53 America/Chicago] E_USER_ERROR 256 2018-02-13 13 error   |  In:  /var/www/html/public/head.php  |  On:  13

[13-Feb-2018 09:27:53 America/Chicago] Thrown RangeException
[13-Feb-2018 09:27:53 America/Chicago] message
[13-Feb-2018 15:28:37 UTC] /var/www/html/public/db.php1518535717
[13-Feb-2018 09:28:38 America/Chicago] /var/www/html/public/head.php1518535718
[13-Feb-2018 09:28:38 America/Chicago] E_USER_ERROR 256 2018-02-13 13 error   |  In:  /var/www/html/public/head.php  |  On:  13

[13-Feb-2018 09:28:38 America/Chicago] Thrown RangeException
[13-Feb-2018 09:28:38 America/Chicago] message
[13-Feb-2018 15:28:38 UTC] /var/www/html/public/db.php1518535718
[13-Feb-2018 09:28:38 America/Chicago] Unknown error type 2 session_destroy(): Trying to destroy uninitialized session   |  In:  /var/www/html/public/logout.php  |  On:  10

[13-Feb-2018 15:28:38 UTC] /var/www/html/public/db.php1518535718
[13-Feb-2018 15:37:24 UTC] /var/www/html/public/db.php1518536244
[13-Feb-2018 09:37:24 America/Chicago] /var/www/html/public/head.php1518536244
[13-Feb-2018 09:37:24 America/Chicago] E_USER_ERROR 256 2018-02-13 13 error   |  In:  /var/www/html/public/head.php  |  On:  13

[13-Feb-2018 09:37:24 America/Chicago] Thrown RangeException
[13-Feb-2018 09:37:24 America/Chicago] message
[13-Feb-2018 15:37:29 UTC] /var/www/html/public/db.php1518536249
[13-Feb-2018 15:37:29 UTC] /var/www/html/public/db.php1518536249
[13-Feb-2018 15:37:33 UTC] /var/www/html/public/db.php1518536253
[13-Feb-2018 15:37:33 UTC] /var/www/html/public/db.php1518536253
[13-Feb-2018 09:37:33 America/Chicago] /var/www/html/public/head.php1518536253
[13-Feb-2018 09:37:33 America/Chicago] E_USER_ERROR 256 2018-02-13 13 error   |  In:  /var/www/html/public/head.php  |  On:  13

[13-Feb-2018 09:37:33 America/Chicago] Thrown RangeException
[13-Feb-2018 09:37:33 America/Chicago] message
[13-Feb-2018 19:44:35 UTC] /var/www/html/public/db.php1518551075
[13-Feb-2018 13:44:36 America/Chicago] /var/www/html/public/head.php1518551076
[13-Feb-2018 13:44:36 America/Chicago] E_USER_ERROR 256 2018-02-13 13 error   |  In:  /var/www/html/public/head.php  |  On:  13

[13-Feb-2018 13:44:36 America/Chicago] Thrown RangeException
[13-Feb-2018 13:44:36 America/Chicago] message
[13-Feb-2018 19:44:36 UTC] /var/www/html/public/db.php1518551076
[13-Feb-2018 13:44:37 America/Chicago] Unknown error type 2 session_destroy(): Trying to destroy uninitialized session   |  In:  /var/www/html/public/logout.php  |  On:  10

[13-Feb-2018 19:44:37 UTC] /var/www/html/public/db.php1518551077
[13-Feb-2018 19:44:40 UTC] /var/www/html/public/db.php1518551080
[13-Feb-2018 13:44:40 America/Chicago] /var/www/html/public/head.php1518551080
[13-Feb-2018 13:44:41 America/Chicago] E_USER_ERROR 256 2018-02-13 13 error   |  In:  /var/www/html/public/head.php  |  On:  13

[13-Feb-2018 13:44:41 America/Chicago] Thrown RangeException
[13-Feb-2018 13:44:41 America/Chicago] message
[13-Feb-2018 19:44:41 UTC] /var/www/html/public/db.php1518551081
[13-Feb-2018 13:44:42 America/Chicago] Unknown error type 2 session_destroy(): Trying to destroy uninitialized session   |  In:  /var/www/html/public/logout.php  |  On:  10

[13-Feb-2018 19:44:42 UTC] /var/www/html/public/db.php1518551082
[13-Feb-2018 19:45:14 UTC] /var/www/html/public/db.php1518551114
[13-Feb-2018 19:45:15 UTC] /var/www/html/public/db.php1518551115
[13-Feb-2018 13:45:15 America/Chicago] /var/www/html/public/head.php1518551115
[13-Feb-2018 13:45:15 America/Chicago] E_USER_ERROR 256 2018-02-13 13 error   |  In:  /var/www/html/public/head.php  |  On:  13

[13-Feb-2018 13:45:15 America/Chicago] Thrown RangeException
[13-Feb-2018 13:45:15 America/Chicago] message
[14-Feb-2018 16:31:25 UTC] /var/www/html/public/db.php1518625885
[14-Feb-2018 10:31:26 America/Chicago] /var/www/html/public/head.php1518625886
[14-Feb-2018 10:31:26 America/Chicago] E_USER_ERROR 256 2018-02-14 13 error   |  In:  /var/www/html/public/head.php  |  On:  13

[14-Feb-2018 10:31:26 America/Chicago] Thrown RangeException
[14-Feb-2018 10:31:26 America/Chicago] message
[14-Feb-2018 16:31:26 UTC] /var/www/html/public/db.php1518625886
[14-Feb-2018 10:31:26 America/Chicago] E_WARNING 2 session_destroy(): Trying to destroy uninitialized session   |  In:  /var/www/html/public/logout.php  |  On:  10

[14-Feb-2018 16:31:26 UTC] /var/www/html/public/db.php1518625886
[14-Feb-2018 16:39:00 UTC] /var/www/html/public/db.php1518626340
[14-Feb-2018 16:39:00 UTC] /var/www/html/public/db.php1518626340
[14-Feb-2018 10:39:00 America/Chicago] /var/www/html/public/head.php1518626340
[14-Feb-2018 10:39:00 America/Chicago] E_USER_ERROR 256 2018-02-14 13 error   |  In:  /var/www/html/public/head.php  |  On:  13

[14-Feb-2018 10:39:00 America/Chicago] Thrown RangeException
[14-Feb-2018 10:39:00 America/Chicago] message
[15-Feb-2018 14:26:23 UTC] /var/www/html/public/db.php1518704783
[15-Feb-2018 08:26:26 America/Chicago] /var/www/html/public/head.php1518704786
[15-Feb-2018 08:26:26 America/Chicago] E_USER_ERROR 256 2018-02-15 13 error   |  In:  /var/www/html/public/head.php  |  On:  13

[15-Feb-2018 08:26:26 America/Chicago] Thrown RangeException
[15-Feb-2018 08:26:26 America/Chicago] message
[15-Feb-2018 14:26:26 UTC] /var/www/html/public/db.php1518704786
[15-Feb-2018 08:26:26 America/Chicago] E_WARNING 2 session_destroy(): Trying to destroy uninitialized session   |  In:  /var/www/html/public/logout.php  |  On:  10

[15-Feb-2018 14:26:26 UTC] /var/www/html/public/db.php1518704786
[21-Feb-2018 14:29:44 UTC] /var/www/html/public/db.php1519223384
